{
  "RSpec": {
    "coverage": {
      "/home/ubuntu/trackr/trackr/app/helpers/application_helper.rb": [
        1,
        null
      ],
      "/home/ubuntu/trackr/trackr/app/helpers/pages_helper.rb": [
        1,
        null
      ],
      "/home/ubuntu/trackr/trackr/app/models/goal.rb": [
        1,
        null
      ],
      "/home/ubuntu/trackr/trackr/app/controllers/pages_controller.rb": [
        0,
        0,
        null,
        0,
        0
      ],
      "/home/ubuntu/trackr/trackr/app/controllers/application_controller.rb": [
        0,
        null,
        null,
        0,
        0
      ],
      "/home/ubuntu/trackr/trackr/app/controllers/goals_controller.rb": [
        0,
        null,
        0,
        0,
        0,
        null,
        0,
        0,
        0,
        null,
        0,
        0,
        0,
        0,
        0,
        null,
        0,
        0,
        0,
        null,
        0,
        0,
        0,
        0,
        null,
        0,
        0,
        0,
        0,
        0,
        0,
        null,
        0,
        0,
        0,
        0,
        0,
        0,
        0
      ],
      "/home/ubuntu/trackr/trackr/app/models/trackr_user.rb": [
        0,
        0,
        0,
        0,
        0,
        0,
        0,
        0
      ]
    },
    "timestamp": 1510867521
  }
}
