{
  "RSpec": {
    "coverage": {
      "/home/ubuntu/trackr/trackr/app/helpers/application_helper.rb": [
        1,
        null
      ],
      "/home/ubuntu/trackr/trackr/app/helpers/pages_helper.rb": [
        1,
        null
      ],
      "/home/ubuntu/trackr/trackr/app/models/trackruser.rb": [
        1,
        1,
        0,
        0,
        0,
        0,
        0,
        0,
        0,
        0,
        null,
        null,
        null
      ],
      "/home/ubuntu/trackr/trackr/app/controllers/pages_controller.rb": [
        0,
        0,
        0,
        0,
        0,
        0,
        0
      ],
      "/home/ubuntu/trackr/trackr/app/controllers/application_controller.rb": [
        0,
        null,
        null,
        0,
        0,
        null,
        0,
        0,
        null,
        0,
        null,
        0,
        0,
        0,
        0,
        0,
        null,
        0,
        0,
        null
      ],
      "/home/ubuntu/trackr/trackr/app/controllers/goals_controller.rb": [
        0,
        0,
        null,
        0,
        0,
        0,
        null,
        0,
        0,
        0,
        null,
        0,
        0,
        0,
        null,
        0,
        0,
        0,
        0,
        0,
        0,
        null,
        0,
        0,
        0,
        0,
        0,
        0,
        null,
        0,
        0,
        0,
        0,
        0,
        0,
        0
      ],
      "/home/ubuntu/trackr/trackr/app/controllers/sessions_controller.rb": [
        0,
        0,
        null,
        0,
        0,
        0,
        0,
        0,
        0,
        null,
        0,
        0,
        0,
        0,
        0,
        null,
        0,
        0,
        0,
        0,
        0,
        0
      ],
      "/home/ubuntu/trackr/trackr/app/models/goal.rb": [
        0,
        0
      ]
    },
    "timestamp": 1511978198
  }
}
